This file contains any messages produced by compilers while
running configure, to aid debugging if configure makes a mistake.

It was created by configure, which was
generated by GNU Autoconf 2.61.  Invocation command line was

  $ ./configure --prefix=/home/bcc/erlf07/university/schedules/ci065/trabalho1/erlf07-las05

## --------- ##
## Platform. ##
## --------- ##

hostname = mumm
uname -m = x86_64
uname -r = 2.6.27.21-vs2.3.0.36.4
uname -s = Linux
uname -v = #2 SMP PREEMPT Sat Apr 4 17:42:04 BRT 2009

/usr/bin/uname -p = unknown
/bin/uname -X     = unknown

/bin/arch              = unknown
/usr/bin/arch -k       = unknown
/usr/convex/getsysinfo = unknown
/usr/bin/hostinfo      = unknown
/bin/machine           = unknown
/usr/bin/oslevel       = unknown
/bin/universe          = unknown

PATH: /home/bcc/erlf07/.bin/compilados/bin/
PATH: /home/bcc/erlf07/.bin
PATH: /usr/local/bin
PATH: /usr/bin
PATH: /bin
PATH: /usr/games
PATH: /usr/sbin/
PATH: /usr/local/bin
PATH: /home/bcc/erlf07/bin
PATH: /home/bcc/erlf07/usr/local/bin
PATH: /public/soft/linux/mips_sde6x/bin
PATH: /usr/lib/postgresql/8.3/bin
PATH: .
PATH: /sbin/


## ----------- ##
## Core tests. ##
## ----------- ##

configure:1740: checking for gcc
configure:1756: found /usr/bin/gcc
configure:1767: result: gcc
configure:2005: checking for C compiler version
configure:2012: gcc --version >&5
gcc (Debian 4.3.2-1.1) 4.3.2
Copyright (C) 2008 Free Software Foundation, Inc.
This is free software; see the source for copying conditions.  There is NO
warranty; not even for MERCHANTABILITY or FITNESS FOR A PARTICULAR PURPOSE.

configure:2015: $? = 0
configure:2022: gcc -v >&5
Using built-in specs.
Target: i486-linux-gnu
Configured with: ../src/configure -v --with-pkgversion='Debian 4.3.2-1.1' --with-bugurl=file:///usr/share/doc/gcc-4.3/README.Bugs --enable-languages=c,c++,fortran,objc,obj-c++ --prefix=/usr --enable-shared --with-system-zlib --libexecdir=/usr/lib --without-included-gettext --enable-threads=posix --enable-nls --with-gxx-include-dir=/usr/include/c++/4.3 --program-suffix=-4.3 --enable-clocale=gnu --enable-libstdcxx-debug --enable-objc-gc --enable-mpfr --enable-targets=all --enable-cld --enable-checking=release --build=i486-linux-gnu --host=i486-linux-gnu --target=i486-linux-gnu
Thread model: posix
gcc version 4.3.2 (Debian 4.3.2-1.1) 
configure:2025: $? = 0
configure:2032: gcc -V >&5
gcc: '-V' option must have argument
configure:2035: $? = 1
configure:2058: checking for C compiler default output file name
configure:2085: gcc    conftest.c  >&5
configure:2088: $? = 0
configure:2126: result: a.out
configure:2143: checking whether the C compiler works
configure:2153: ./a.out
configure:2156: $? = 0
configure:2173: result: yes
configure:2180: checking whether we are cross compiling
configure:2182: result: no
configure:2185: checking for suffix of executables
configure:2192: gcc -o conftest    conftest.c  >&5
configure:2195: $? = 0
configure:2219: result: 
configure:2225: checking for suffix of object files
configure:2251: gcc -c   conftest.c >&5
configure:2254: $? = 0
configure:2277: result: o
configure:2281: checking whether we are using the GNU C compiler
configure:2310: gcc -c   conftest.c >&5
configure:2316: $? = 0
configure:2333: result: yes
configure:2338: checking whether gcc accepts -g
configure:2368: gcc -c -g  conftest.c >&5
configure:2374: $? = 0
configure:2473: result: yes
configure:2490: checking for gcc option to accept ISO C89
configure:2564: gcc  -c -g -O2  conftest.c >&5
configure:2570: $? = 0
configure:2593: result: none needed
configure:2611: checking whether make sets $(MAKE)
configure:2632: result: yes
configure:2665: checking for pkg-config
configure:2683: found /usr/bin/pkg-config
configure:2696: result: /usr/bin/pkg-config
configure:2718: checking for GTK+ - version >= 2.0.0
configure:2838: gcc -o conftest -g -O2 -D_REENTRANT -I/usr/include/gtk-2.0 -I/usr/lib/gtk-2.0/include -I/usr/include/atk-1.0 -I/usr/include/cairo -I/usr/include/pango-1.0 -I/usr/include/pixman-1 -I/usr/include/freetype2 -I/usr/include/directfb -I/usr/include/libpng12 -I/usr/include/glib-2.0 -I/usr/lib/glib-2.0/include     conftest.c -lgtk-x11-2.0 -lgdk-x11-2.0 -latk-1.0 -lpangoft2-1.0 -lgdk_pixbuf-2.0 -lm -lpangocairo-1.0 -lgio-2.0 -lcairo -lpango-1.0 -lfreetype -lz -lfontconfig -lgobject-2.0 -lgmodule-2.0 -lglib-2.0    >&5
configure:2841: $? = 0
configure:2847: ./conftest
configure:2850: $? = 0
configure:2870: result: yes (version 2.16.4)
configure:2959: checking for glClear in -lGL
configure:2994: gcc -o conftest -g -O2   conftest.c -lGL   >&5
configure:3000: $? = 0
configure:3018: result: yes
configure:3030: checking for gluOrtho2D in -lGLU
configure:3065: gcc -o conftest -g -O2   conftest.c -lGLU  -lGL  >&5
configure:3071: $? = 0
configure:3089: result: yes
configure:3101: checking for gtk_gl_area_new in -lgtkgl-2.0
configure:3136: gcc -o conftest -g -O2   conftest.c -lgtkgl-2.0  -lGLU -lGL  >&5
/usr/bin/ld: cannot find -lgtkgl-2.0
collect2: ld returned 1 exit status
configure:3142: $? = 1
configure: failed program was:
| /* confdefs.h.  */
| #define PACKAGE_NAME ""
| #define PACKAGE_TARNAME ""
| #define PACKAGE_VERSION ""
| #define PACKAGE_STRING ""
| #define PACKAGE_BUGREPORT ""
| #define HAVE_LIBGL 1
| #define HAVE_LIBGLU 1
| /* end confdefs.h.  */
| 
| /* Override any GCC internal prototype to avoid an error.
|    Use char because int might match the return type of a GCC
|    builtin and then its argument prototype would still apply.  */
| #ifdef __cplusplus
| extern "C"
| #endif
| char gtk_gl_area_new ();
| int
| main ()
| {
| return gtk_gl_area_new ();
|   ;
|   return 0;
| }
configure:3160: result: no
configure:3172: checking for sin in -lm
configure:3207: gcc -o conftest -g -O2   conftest.c -lm  -lGLU -lGL  >&5
conftest.c:17: warning: conflicting types for built-in function 'sin'
configure:3213: $? = 0
configure:3231: result: yes
configure:3247: checking for dlerror in -ldl
configure:3282: gcc -o conftest -g -O2   conftest.c -ldl  -lm -lGLU -lGL  >&5
configure:3288: $? = 0
configure:3306: result: yes
configure:3323: checking how to run the C preprocessor
configure:3363: gcc -E  conftest.c
configure:3369: $? = 0
configure:3400: gcc -E  conftest.c
conftest.c:12:28: error: ac_nonexistent.h: No such file or directory
configure:3406: $? = 1
configure: failed program was:
| /* confdefs.h.  */
| #define PACKAGE_NAME ""
| #define PACKAGE_TARNAME ""
| #define PACKAGE_VERSION ""
| #define PACKAGE_STRING ""
| #define PACKAGE_BUGREPORT ""
| #define HAVE_LIBGL 1
| #define HAVE_LIBGLU 1
| #define HAVE_LIBM 1
| #define HAVE_LIBDL 1
| /* end confdefs.h.  */
| #include <ac_nonexistent.h>
configure:3439: result: gcc -E
configure:3468: gcc -E  conftest.c
configure:3474: $? = 0
configure:3505: gcc -E  conftest.c
conftest.c:12:28: error: ac_nonexistent.h: No such file or directory
configure:3511: $? = 1
configure: failed program was:
| /* confdefs.h.  */
| #define PACKAGE_NAME ""
| #define PACKAGE_TARNAME ""
| #define PACKAGE_VERSION ""
| #define PACKAGE_STRING ""
| #define PACKAGE_BUGREPORT ""
| #define HAVE_LIBGL 1
| #define HAVE_LIBGLU 1
| #define HAVE_LIBM 1
| #define HAVE_LIBDL 1
| /* end confdefs.h.  */
| #include <ac_nonexistent.h>
configure:3549: checking for grep that handles long lines and -e
configure:3623: result: /bin/grep
configure:3628: checking for egrep
configure:3706: result: /bin/grep -E
configure:3711: checking for ANSI C header files
configure:3741: gcc -c -g -O2  conftest.c >&5
configure:3747: $? = 0
configure:3846: gcc -o conftest -g -O2   conftest.c -ldl -lm -lGLU -lGL  >&5
configure:3849: $? = 0
configure:3855: ./conftest
configure:3858: $? = 0
configure:3875: result: yes
configure:3899: checking for sys/types.h
configure:3920: gcc -c -g -O2  conftest.c >&5
configure:3926: $? = 0
configure:3942: result: yes
configure:3899: checking for sys/stat.h
configure:3920: gcc -c -g -O2  conftest.c >&5
configure:3926: $? = 0
configure:3942: result: yes
configure:3899: checking for stdlib.h
configure:3920: gcc -c -g -O2  conftest.c >&5
configure:3926: $? = 0
configure:3942: result: yes
configure:3899: checking for string.h
configure:3920: gcc -c -g -O2  conftest.c >&5
configure:3926: $? = 0
configure:3942: result: yes
configure:3899: checking for memory.h
configure:3920: gcc -c -g -O2  conftest.c >&5
configure:3926: $? = 0
configure:3942: result: yes
configure:3899: checking for strings.h
configure:3920: gcc -c -g -O2  conftest.c >&5
configure:3926: $? = 0
configure:3942: result: yes
configure:3899: checking for inttypes.h
configure:3920: gcc -c -g -O2  conftest.c >&5
configure:3926: $? = 0
configure:3942: result: yes
configure:3899: checking for stdint.h
configure:3920: gcc -c -g -O2  conftest.c >&5
configure:3926: $? = 0
configure:3942: result: yes
configure:3899: checking for unistd.h
configure:3920: gcc -c -g -O2  conftest.c >&5
configure:3926: $? = 0
configure:3942: result: yes
configure:3969: checking GL/gl.h usability
configure:3986: gcc -c -g -O2  conftest.c >&5
configure:3992: $? = 0
configure:4006: result: yes
configure:4010: checking GL/gl.h presence
configure:4025: gcc -E  conftest.c
configure:4031: $? = 0
configure:4045: result: yes
configure:4073: checking for GL/gl.h
configure:4081: result: yes
configure:4109: checking GL/glu.h usability
configure:4126: gcc -c -g -O2  conftest.c >&5
configure:4132: $? = 0
configure:4146: result: yes
configure:4150: checking GL/glu.h presence
configure:4165: gcc -E  conftest.c
configure:4171: $? = 0
configure:4185: result: yes
configure:4213: checking for GL/glu.h
configure:4221: result: yes
configure:4258: checking for gdk_gl_query in -lgtkgl-2.0
configure:4294: gcc -o conftest -g -O2   conftest.c -lgtkgl-2.0 
     -ldl -lm -lGLU -lGL  >&5
/usr/bin/ld: cannot find -lgtkgl-2.0
collect2: ld returned 1 exit status
configure:4300: $? = 1
configure: failed program was:
| /* confdefs.h.  */
| #define PACKAGE_NAME ""
| #define PACKAGE_TARNAME ""
| #define PACKAGE_VERSION ""
| #define PACKAGE_STRING ""
| #define PACKAGE_BUGREPORT ""
| #define HAVE_LIBGL 1
| #define HAVE_LIBGLU 1
| #define HAVE_LIBM 1
| #define HAVE_LIBDL 1
| #define STDC_HEADERS 1
| #define HAVE_SYS_TYPES_H 1
| #define HAVE_SYS_STAT_H 1
| #define HAVE_STDLIB_H 1
| #define HAVE_STRING_H 1
| #define HAVE_MEMORY_H 1
| #define HAVE_STRINGS_H 1
| #define HAVE_INTTYPES_H 1
| #define HAVE_STDINT_H 1
| #define HAVE_UNISTD_H 1
| #define HAVE_GL_GL_H 1
| #define HAVE_GL_GLU_H 1
| /* end confdefs.h.  */
| 
| /* Override any GCC internal prototype to avoid an error.
|    Use char because int might match the return type of a GCC
|    builtin and then its argument prototype would still apply.  */
| #ifdef __cplusplus
| extern "C"
| #endif
| char gdk_gl_query ();
| int
| main ()
| {
| return gdk_gl_query ();
|   ;
|   return 0;
| }
configure:4318: result: no
configure:4499: checking dlfcn.h usability
configure:4516: gcc -c -g -O2  conftest.c >&5
configure:4522: $? = 0
configure:4536: result: yes
configure:4540: checking dlfcn.h presence
configure:4555: gcc -E  conftest.c
configure:4561: $? = 0
configure:4575: result: yes
configure:4603: checking for dlfcn.h
configure:4611: result: yes
configure:4729: creating ./config.status

## ---------------------- ##
## Running config.status. ##
## ---------------------- ##

This file was extended by config.status, which was
generated by GNU Autoconf 2.61.  Invocation command line was

  CONFIG_FILES    = 
  CONFIG_HEADERS  = 
  CONFIG_LINKS    = 
  CONFIG_COMMANDS = 
  $ ./config.status 

on mumm

config.status:597: creating Makefile
config.status:597: creating config.h
config.status:817: config.h is unchanged

## ---------------- ##
## Cache variables. ##
## ---------------- ##

ac_cv_c_compiler_gnu=yes
ac_cv_env_CC_set=
ac_cv_env_CC_value=
ac_cv_env_CFLAGS_set=
ac_cv_env_CFLAGS_value=
ac_cv_env_CPPFLAGS_set=
ac_cv_env_CPPFLAGS_value=
ac_cv_env_CPP_set=
ac_cv_env_CPP_value=
ac_cv_env_LDFLAGS_set=
ac_cv_env_LDFLAGS_value=
ac_cv_env_LIBS_set=
ac_cv_env_LIBS_value=
ac_cv_env_build_alias_set=
ac_cv_env_build_alias_value=
ac_cv_env_host_alias_set=
ac_cv_env_host_alias_value=
ac_cv_env_target_alias_set=
ac_cv_env_target_alias_value=
ac_cv_header_GL_gl_h=yes
ac_cv_header_GL_glu_h=yes
ac_cv_header_dlfcn_h=yes
ac_cv_header_inttypes_h=yes
ac_cv_header_memory_h=yes
ac_cv_header_stdc=yes
ac_cv_header_stdint_h=yes
ac_cv_header_stdlib_h=yes
ac_cv_header_string_h=yes
ac_cv_header_strings_h=yes
ac_cv_header_sys_stat_h=yes
ac_cv_header_sys_types_h=yes
ac_cv_header_unistd_h=yes
ac_cv_lib_GLU_gluOrtho2D=yes
ac_cv_lib_GL_glClear=yes
ac_cv_lib_dl_dlerror=yes
ac_cv_lib_gtkgl_2_0_gdk_gl_query=no
ac_cv_lib_gtkgl_2_0_gtk_gl_area_new=no
ac_cv_lib_m_sin=yes
ac_cv_objext=o
ac_cv_path_EGREP='/bin/grep -E'
ac_cv_path_GREP=/bin/grep
ac_cv_path_PKG_CONFIG=/usr/bin/pkg-config
ac_cv_prog_CPP='gcc -E'
ac_cv_prog_ac_ct_CC=gcc
ac_cv_prog_cc_c89=
ac_cv_prog_cc_g=yes
ac_cv_prog_make_make_set=yes

## ----------------- ##
## Output variables. ##
## ----------------- ##

CC='gcc'
CFLAGS='-g -O2'
CPP='gcc -E'
CPPFLAGS=''
DEFS='-DHAVE_CONFIG_H'
ECHO_C=''
ECHO_N='-n'
ECHO_T=''
EGREP='/bin/grep -E'
EXEEXT=''
GREP='/bin/grep'
GTKGL_CFLAGS=''
GTKGL_LIBS=''
GTK_CFLAGS='-D_REENTRANT -I/usr/include/gtk-2.0 -I/usr/lib/gtk-2.0/include -I/usr/include/atk-1.0 -I/usr/include/cairo -I/usr/include/pango-1.0 -I/usr/include/pixman-1 -I/usr/include/freetype2 -I/usr/include/directfb -I/usr/include/libpng12 -I/usr/include/glib-2.0 -I/usr/lib/glib-2.0/include  '
GTK_LIBS='-lgtk-x11-2.0 -lgdk-x11-2.0 -latk-1.0 -lpangoft2-1.0 -lgdk_pixbuf-2.0 -lm -lpangocairo-1.0 -lgio-2.0 -lcairo -lpango-1.0 -lfreetype -lz -lfontconfig -lgobject-2.0 -lgmodule-2.0 -lglib-2.0  '
LDFLAGS=''
LIBOBJS=''
LIBS='-ldl -lm -lGLU -lGL '
LTLIBOBJS=''
OBJEXT='o'
PACKAGE_BUGREPORT=''
PACKAGE_NAME=''
PACKAGE_STRING=''
PACKAGE_TARNAME=''
PACKAGE_VERSION=''
PATH_SEPARATOR=':'
PKG_CONFIG='/usr/bin/pkg-config'
SET_MAKE=''
SHELL='/bin/sh'
ac_ct_CC='gcc'
bindir='${exec_prefix}/bin'
build_alias=''
datadir='${datarootdir}'
datarootdir='${prefix}/share'
docdir='${datarootdir}/doc/${PACKAGE}'
dvidir='${docdir}'
exec_prefix='${prefix}'
host_alias=''
htmldir='${docdir}'
includedir='${prefix}/include'
infodir='${datarootdir}/info'
libdir='${exec_prefix}/lib'
libexecdir='${exec_prefix}/libexec'
localedir='${datarootdir}/locale'
localstatedir='${prefix}/var'
mandir='${datarootdir}/man'
oldincludedir='/usr/include'
pdfdir='${docdir}'
prefix='/home/bcc/erlf07/university/schedules/ci065/trabalho1/erlf07-las05'
program_transform_name='s,x,x,'
psdir='${docdir}'
sbindir='${exec_prefix}/sbin'
sharedstatedir='${prefix}/com'
sysconfdir='${prefix}/etc'
target_alias=''

## ----------- ##
## confdefs.h. ##
## ----------- ##

#define PACKAGE_NAME ""
#define PACKAGE_TARNAME ""
#define PACKAGE_VERSION ""
#define PACKAGE_STRING ""
#define PACKAGE_BUGREPORT ""
#define HAVE_LIBGL 1
#define HAVE_LIBGLU 1
#define HAVE_LIBM 1
#define HAVE_LIBDL 1
#define STDC_HEADERS 1
#define HAVE_SYS_TYPES_H 1
#define HAVE_SYS_STAT_H 1
#define HAVE_STDLIB_H 1
#define HAVE_STRING_H 1
#define HAVE_MEMORY_H 1
#define HAVE_STRINGS_H 1
#define HAVE_INTTYPES_H 1
#define HAVE_STDINT_H 1
#define HAVE_UNISTD_H 1
#define HAVE_GL_GL_H 1
#define HAVE_GL_GLU_H 1
#define HAVE_DLFCN_H 1

configure: exit 0
